Starting Dynare (version 4.5.7).
Starting preprocessing of the model file ...
Found 10 equation(s).
Evaluating expressions...done
Computing static model derivatives:
 - order 1
Computing dynamic model derivatives:
 - order 1
 - order 2
Processing outputs ...
done
Preprocessing completed.

ans =

    'SIMULATION FOR NEW KEYSIAN CALVO-FAIRY MODEL: SIMPLE TAYLOR RULE'


ans =

    'Brian Wang'


STEADY-STATE RESULTS:

A       		 1
V       		 0
Y       		 0.980571
C       		 0.980571
H       		 0.980577
w       		 0.888969
MC      		 0.888969
R       		 1.01073
Pi      		 1.00062
Pi_star 		 1.00188

EIGENVALUES:
         Modulus             Real        Imaginary

             0.9              0.9                0
           1.379            1.323           0.3913
           1.379            1.323          -0.3913
             Inf              Inf                0


There are 3 eigenvalue(s) larger than 1 in modulus 
for 3 forward-looking variable(s)

The rank condition is verified.


MODEL SUMMARY

  Number of variables:         10
  Number of stochastic shocks: 2
  Number of state variables:   1
  Number of jumpers:           3
  Number of static variables:  6


MATRIX OF COVARIANCE OF EXOGENOUS SHOCKS
Variables           e         v
e            1.000000  0.000000
v            0.000000  1.000000

POLICY AND TRANSITION FUNCTIONS
                                   A               V               Y               C               H               w              MC               R              Pi         Pi_star
Constant                    1.000000               0        0.971728        0.971728        0.971749        0.840936        0.840936        1.011012        1.001559        1.004758
(correction)                       0               0       -0.008843       -0.008843       -0.008828       -0.048033       -0.048033        0.000286        0.000941        0.002883
A(-1)                       0.900000               0        0.817935        0.817935       -0.069762        0.425305       -0.374768       -0.368851       -0.312997       -0.959101
e                           0.050000               0        0.045441        0.045441       -0.003876        0.023628       -0.020820       -0.020492       -0.017389       -0.053283
v                                  0        0.050000       -0.025973       -0.025973       -0.026196       -0.142292       -0.142292        0.026772       -0.013476       -0.041294
A(-1),A(-1)                -0.045000               0        0.038597        0.038597        1.469114        6.475545        6.852840        0.190321        0.155871        5.659356
e,e                         0.001250               0        0.001381        0.001381        0.004427        0.020643        0.020572        0.000018       -0.000002        0.015987
v,e                                0               0        0.002627        0.002627        0.010229        0.045589        0.052703       -0.004491       -0.002697        0.016524
v,v                                0               0        0.001828        0.001828        0.004274        0.030519        0.030519       -0.001175       -0.001045        0.006403
A(-1),e                     0.045000               0        0.049729        0.049729        0.159359        0.743133        0.740606        0.000655       -0.000070        0.575534
A(-1),v                            0               0        0.047277        0.047277        0.184126        0.820601        0.948663       -0.080832       -0.048549        0.297429


MOMENTS OF SIMULATED VARIABLES
VARIABLE              MEAN       STD. DEV.        VARIANCE        SKEWNESS        KURTOSIS
A                 0.997637        0.096330        0.009279        0.638071       -0.996288
V                -0.011046        0.051970        0.002701       -0.311847        0.067205
Y                 0.977640        0.094482        0.008927        0.482577       -0.827440
C                 0.977640        0.094482        0.008927        0.482577       -0.827440
H                 0.996740        0.040074        0.001606        1.775574        6.035049
w                 0.968581        0.225419        0.050814        1.120005        3.028636
MC                0.972770        0.220782        0.048745        2.055531        7.031706
R                 1.007812        0.049939        0.002494        0.084717       -0.811399
Pi                1.006446        0.031981        0.001023       -0.596523       -0.757236
Pi_star           1.083581        0.104281        0.010875        1.033425        0.935554


CORRELATION OF SIMULATED VARIABLES
VARIABLE          A        V        Y        C        H        w       MC        R       Pi  Pi_star
A            1.0000  -0.1311   0.9496   0.9496  -0.0444   0.3262  -0.0669  -0.7801  -0.9040  -0.7015
V           -0.1311   1.0000  -0.4293  -0.4293  -0.8381  -0.8680  -0.8438   0.6935  -0.2630  -0.4317
Y            0.9496  -0.4293   1.0000   1.0000   0.2473   0.5902   0.2290  -0.9346  -0.7505  -0.4894
C            0.9496  -0.4293   1.0000   1.0000   0.2473   0.5902   0.2290  -0.9346  -0.7505  -0.4894
H           -0.0444  -0.8381   0.2473   0.2473   1.0000   0.9253   0.9975  -0.5429   0.3008   0.6917
w            0.3262  -0.8680   0.5902   0.5902   0.9253   1.0000   0.9201  -0.8098  -0.0322   0.3864
MC          -0.0669  -0.8438   0.2290   0.2290   0.9975   0.9201   1.0000  -0.5310   0.3229   0.6950
R           -0.7801   0.6935  -0.9346  -0.9346  -0.5429  -0.8098  -0.5310   1.0000   0.5108   0.2123
Pi          -0.9040  -0.2630  -0.7505  -0.7505   0.3008  -0.0322   0.3229   0.5108   1.0000   0.8205
Pi_star     -0.7015  -0.4317  -0.4894  -0.4894   0.6917   0.3864   0.6950   0.2123   0.8205   1.0000


AUTOCORRELATION OF SIMULATED VARIABLES
VARIABLE         1       2       3       4       5
A           0.8783  0.7747  0.6707  0.6002  0.5043
V          -0.1158 -0.1913  0.0738  0.1524 -0.2328
Y           0.7476  0.6663  0.6093  0.5408  0.3655
C           0.7476  0.6663  0.6093  0.5408  0.3655
H          -0.0536 -0.1483  0.0328  0.1472 -0.2419
w           0.0186 -0.0363  0.1221  0.1970 -0.2007
MC         -0.0689 -0.1445  0.0362  0.1439 -0.2498
R           0.4343  0.3713  0.4341  0.3918  0.0952
Pi          0.7699  0.6405  0.5624  0.5331  0.4904
Pi_star     0.5301  0.4172  0.3138  0.3463  0.1919



VARIANCE DECOMPOSITION SIMULATING ONE SHOCK AT A TIME (in percent)
                          e                 v  Tot. lin. contr.
A                    102.56              0.00            102.56
V                      0.00            102.56            102.56
Y                     89.08              9.39             98.46
C                     89.08              9.39             98.46
H                     10.48             62.60             73.08
w                     21.47             64.17             85.64
MC                     7.38             66.89             74.28
R                     60.72             34.15             94.88
Pi                   106.84             17.66            124.49
Pi_star               65.00             22.64             87.63
Note: numbers do not add up to 100 due to i) non-zero correlation of simulated shocks in small samples and ii) nonlinearity

Total computing time : 0h00m03s
