Starting Dynare (version 4.5.7).
Starting preprocessing of the model file ...
Found 10 equation(s).
Evaluating expressions...done
Computing static model derivatives:
 - order 1
Computing dynamic model derivatives:
 - order 1
Processing outputs ...
done
Preprocessing completed.

ans =

    'SIMULATION FOR NEW KEYSIAN CALVO-FAIRY MODEL: SIMPLE TAYLOR RULE'


ans =

    'Brian Wang'


STEADY-STATE RESULTS:

A       		 1
V       		 0
Y       		 0.980571
C       		 0.980571
H       		 0.980577
w       		 0.888969
MC      		 0.888969
R       		 1.01073
Pi      		 1.00062
Pi_star 		 1.00188

EIGENVALUES:
         Modulus             Real        Imaginary

             0.9              0.9                0
           1.379            1.323           0.3913
           1.379            1.323          -0.3913
             Inf              Inf                0


There are 3 eigenvalue(s) larger than 1 in modulus 
for 3 forward-looking variable(s)

The rank condition is verified.


MODEL SUMMARY

  Number of variables:         10
  Number of stochastic shocks: 2
  Number of state variables:   1
  Number of jumpers:           3
  Number of static variables:  6


MATRIX OF COVARIANCE OF EXOGENOUS SHOCKS
Variables           e         v
e            1.000000  0.000000
v            0.000000  1.000000

POLICY AND TRANSITION FUNCTIONS
                                   A               V               Y               C               H               w              MC               R              Pi         Pi_star
Constant                    1.000000               0        0.980571        0.980571        0.980577        0.888969        0.888969        1.010726        1.000619        1.001876
A(-1)                       0.900000               0        0.817935        0.817935       -0.069762        0.425305       -0.374768       -0.368851       -0.312997       -0.959101
e                           0.050000               0        0.045441        0.045441       -0.003876        0.023628       -0.020820       -0.020492       -0.017389       -0.053283
v                                  0        0.050000       -0.025973       -0.025973       -0.026196       -0.142292       -0.142292        0.026772       -0.013476       -0.041294


MOMENTS OF SIMULATED VARIABLES
VARIABLE              MEAN       STD. DEV.        VARIANCE        SKEWNESS        KURTOSIS
A                 0.992565        0.094507        0.008932        0.558639       -1.077436
V                -0.011046        0.051970        0.002701       -0.311847        0.067205
Y                 0.979552        0.093283        0.008702        0.504941       -0.784286
C                 0.979552        0.093283        0.008702        0.504941       -0.784286
H                 0.986940        0.027272        0.000744        0.407817        0.456433
w                 0.916891        0.159891        0.025565        0.209734       -0.327767
MC                0.923500        0.148076        0.021927        0.407209        0.453446
R                 1.007859        0.050512        0.002551       -0.344240       -0.577815
Pi                1.006181        0.034032        0.001158       -0.297144       -0.966261
Pi_star           1.018922        0.104281        0.010875       -0.297144       -0.966261


CORRELATION OF SIMULATED VARIABLES
VARIABLE          A        V        Y        C        H        w       MC        R       Pi  Pi_star
A            1.0000  -0.1285   0.9579   0.9579  -0.1403   0.3982  -0.1374  -0.8376  -0.9129  -0.9129
V           -0.1285   1.0000  -0.4077  -0.4077  -0.9639  -0.9609  -0.9646   0.6494  -0.2875  -0.2875
Y            0.9579  -0.4077   1.0000   1.0000   0.1497   0.6447   0.1526  -0.9591  -0.7574  -0.7574
C            0.9579  -0.4077   1.0000   1.0000   0.1497   0.6447   0.1526  -0.9591  -0.7574  -0.7574
H           -0.1403  -0.9639   0.1497   0.1497   1.0000   0.8524   1.0000  -0.4234   0.5322   0.5322
w            0.3982  -0.9609   0.6447   0.6447   0.8524   1.0000   0.8539  -0.8346   0.0109   0.0109
MC          -0.1374  -0.9646   0.1526   0.1526   1.0000   0.8539   1.0000  -0.4260   0.5298   0.5298
R           -0.8376   0.6494  -0.9591  -0.9591  -0.4234  -0.8346  -0.4260   1.0000   0.5416   0.5416
Pi          -0.9129  -0.2875  -0.7574  -0.7574   0.5322   0.0109   0.5298   0.5416   1.0000   1.0000
Pi_star     -0.9129  -0.2875  -0.7574  -0.7574   0.5322   0.0109   0.5298   0.5416   1.0000   1.0000


AUTOCORRELATION OF SIMULATED VARIABLES
VARIABLE         1       2       3       4       5
A           0.8771  0.7772  0.6681  0.5958  0.4995
V          -0.1158 -0.1913  0.0738  0.1524 -0.2328
Y           0.7599  0.6820  0.6170  0.5426  0.3753
C           0.7599  0.6820  0.6170  0.5426  0.3753
H          -0.0807 -0.1864  0.0704  0.1632 -0.1940
w           0.0001 -0.0518  0.1623  0.2025 -0.1730
MC         -0.0819 -0.1873  0.0700  0.1627 -0.1949
R           0.5264  0.4691  0.4866  0.4341  0.1813
Pi          0.7671  0.6403  0.5653  0.5339  0.4487
Pi_star     0.7671  0.6403  0.5653  0.5339  0.4487



VARIANCE DECOMPOSITION SIMULATING ONE SHOCK AT A TIME (in percent)
                          e                 v  Tot. lin. contr.
A                    102.56              0.00            102.56
V                      0.00            102.56            102.56
Y                     86.95              8.59             95.54
C                     86.95              8.59             95.54
H                      7.40            102.23            109.63
w                      8.00             87.75             95.76
MC                     7.24            102.32            109.56
R                     60.31             31.13             91.43
Pi                    95.67             17.37            113.04
Pi_star               95.67             17.37            113.04
Note: numbers do not add up to 100 due to non-zero correlation of simulated shocks in small samples

Total computing time : 0h00m03s
