Starting Dynare (version 4.5.7).
Starting preprocessing of the model file ...
Found 22 equation(s).
Evaluating expressions...done
Computing static model derivatives:
 - order 1
Computing dynamic model derivatives:
 - order 1
Processing outputs ...
done
Preprocessing completed.

ans =

    'SIMULATION FOR NEW KEYSIAN CALVO-FAIRY MODEL: DEVIATION TAYLOR RULE'


ans =

    'Brian Wang'


STEADY-STATE RESULTS:

A       		 1
V       		 0
Y       		 0.980561
C       		 0.980561
H       		 0.980561
w       		 0.888889
MC      		 0.888889
R       		 1.0101
Pi      		 1
Pi_star 		 1
Y_fp    		 0.980562
C_fp    		 0.980562
H_fp    		 0.980562
w_fp    		 0.888889
MC_fp   		 0.888889
R_fp    		 1.0101
Y_til   		 0.999999
C_til   		 0.999999
H_til   		 0.999999
w_til   		 1
MC_til  		 1
R_til   		 1

EIGENVALUES:
         Modulus             Real        Imaginary

             0.9              0.9                0
           1.384            1.328           0.3924
           1.384            1.328          -0.3924
             Inf              Inf                0
             Inf              Inf                0


There are 4 eigenvalue(s) larger than 1 in modulus 
for 4 forward-looking variable(s)

The rank condition is verified.


MODEL SUMMARY

  Number of variables:         22
  Number of stochastic shocks: 2
  Number of state variables:   1
  Number of jumpers:           4
  Number of static variables:  17


MATRIX OF COVARIANCE OF EXOGENOUS SHOCKS
Variables           e         v
e            1.000000  0.000000
v            0.000000  1.000000

POLICY AND TRANSITION FUNCTIONS
                                   A               V           Y_til           C_til           H_til           w_til          MC_til           R_til              Pi         Pi_star
Constant                    1.000000               0        0.999999        0.999999        0.999999        1.000000        1.000000        1.000000        1.000000        1.000001
A(-1)                       0.900000               0       -0.029412       -0.029412       -0.029413       -0.176484       -0.176484       -0.122132       -0.138970       -0.416915
e                           0.050000               0       -0.001634       -0.001634       -0.001634       -0.009805       -0.009805       -0.006785       -0.007721       -0.023162
v                                  0        0.050000       -0.026350       -0.026350       -0.026351       -0.158104       -0.158104        0.026351       -0.013570       -0.040712


MOMENTS OF SIMULATED VARIABLES
VARIABLE              MEAN       STD. DEV.        VARIANCE        SKEWNESS        KURTOSIS
A                 0.992565        0.094507        0.008932        0.558639       -1.077436
V                -0.011046        0.051970        0.002701       -0.311847        0.067205
Y_til             1.006063        0.027165        0.000738        0.359265        0.249530
C_til             1.006063        0.027165        0.000738        0.359265        0.249530
H_til             1.006063        0.027165        0.000738        0.359266        0.249535
w_til             1.036386        0.162990        0.026566        0.359268        0.249540
MC_til            1.036386        0.162990        0.026566        0.359268        0.249540
R_til             0.995188        0.031700        0.001005       -0.193363       -0.436522
Pi                1.004146        0.018948        0.000359        0.159688       -0.044582
Pi_star           1.012439        0.056844        0.003231        0.159688       -0.044582


CORRELATION OF SIMULATED VARIABLES
VARIABLE          A        V    Y_til    C_til    H_til    w_til   MC_til    R_til       Pi  Pi_star
A            1.0000  -0.1285   0.0158   0.0158   0.0158   0.0158   0.0158  -0.5156  -0.6745  -0.6745
V           -0.1285   1.0000  -0.9936  -0.9936  -0.9936  -0.9936  -0.9936   0.9160  -0.6455  -0.6455
Y_til        0.0158  -0.9936   1.0000   1.0000   1.0000   1.0000   1.0000  -0.8649   0.7275   0.7275
C_til        0.0158  -0.9936   1.0000   1.0000   1.0000   1.0000   1.0000  -0.8649   0.7275   0.7275
H_til        0.0158  -0.9936   1.0000   1.0000   1.0000   1.0000   1.0000  -0.8649   0.7275   0.7275
w_til        0.0158  -0.9936   1.0000   1.0000   1.0000   1.0000   1.0000  -0.8649   0.7275   0.7275
MC_til       0.0158  -0.9936   1.0000   1.0000   1.0000   1.0000   1.0000  -0.8649   0.7275   0.7275
R_til       -0.5156   0.9160  -0.8649  -0.8649  -0.8649  -0.8649  -0.8649   1.0000  -0.2848  -0.2848
Pi          -0.6745  -0.6455   0.7275   0.7275   0.7275   0.7275   0.7275  -0.2848   1.0000   1.0000
Pi_star     -0.6745  -0.6455   0.7275   0.7275   0.7275   0.7275   0.7275  -0.2848   1.0000   1.0000


AUTOCORRELATION OF SIMULATED VARIABLES
VARIABLE         1       2       3       4       5
A           0.8771  0.7772  0.6681  0.5958  0.4995
V          -0.1158 -0.1913  0.0738  0.1524 -0.2328
Y_til      -0.1192 -0.2072  0.0619  0.1497 -0.2283
C_til      -0.1192 -0.2072  0.0619  0.1497 -0.2283
H_til      -0.1192 -0.2072  0.0619  0.1497 -0.2283
w_til      -0.1192 -0.2072  0.0619  0.1497 -0.2283
MC_til     -0.1192 -0.2072  0.0619  0.1497 -0.2283
R_til       0.0986  0.0521  0.2269  0.2445 -0.1138
Pi          0.4078  0.2675  0.3299  0.3645  0.1754
Pi_star     0.4078  0.2675  0.3299  0.3645  0.1754



VARIANCE DECOMPOSITION SIMULATING ONE SHOCK AT A TIME (in percent)
                          e                 v  Tot. lin. contr.
A                    102.56              0.00            102.56
V                      0.00            102.56            102.56
Y_til                  1.33            104.26            105.59
C_til                  1.33            104.26            105.59
H_til                  1.33            104.26            105.59
w_til                  1.33            104.26            105.59
MC_til                 1.33            104.26            105.59
R_til                 16.79             76.56             93.35
Pi                    60.84             56.84            117.67
Pi_star               60.84             56.84            117.67
Note: numbers do not add up to 100 due to non-zero correlation of simulated shocks in small samples

Total computing time : 0h00m02s
